# JRE version: OpenJDK Runtime Environment (19.0+36) (build 19+36-2238)
# Java VM: OpenJDK 64-Bit Server VM (19+36-2238, mixed mode, sharing, tiered, compressed oops, compressed class ptrs, g1 gc, windows-amd64)
GC Precious Log:
 CardTable entry size: 512
 Card Set container configuration: InlinePtr #cards 5 size 8 Array Of Cards #cards 12 size 40 Howl #buckets 4 coarsen threshold 1843 Howl Bitmap #cards 512 size 80 coarsen threshold 460 Card regions per heap region 1 cards per card region 2048
 CPUs: 8 total, 8 available
 Memory: 16193M
 Large Page Support: Disabled
 NUMA Support: Disabled
 Compressed Oops: Enabled (32-bit)
 Heap Region Size: 1M
 Heap Min Capacity: 256M
 Heap Initial Capacity: 256M
 Heap Max Capacity: 512M
 Pre-touch: Disabled
 Parallel Workers: 8
 Concurrent Workers: 2
 Concurrent Refinement Workers: 8
 Periodic GC: Disabled
Heap:
 garbage-first heap   total 262144K, used 134240K [0x00000000e0000000, 0x0000000100000000)
  region size 1024K, 46 young (47104K), 12 survivors (12288K)
 Metaspace       used 104105K, committed 106368K, reserved 446464K
  class space    used 13708K, committed 14912K, reserved 315392K
GC Heap History (20 events):
Event: 11.118 GC heap before
{Heap before GC invocations=8 (full 0):
 garbage-first heap   total 262144K, used 162558K [0x00000000e0000000, 0x0000000100000000)
  region size 1024K, 109 young (111616K), 2 survivors (2048K)
 Metaspace       used 44547K, committed 46080K, reserved 380928K
  class space    used 6072K, committed 6848K, reserved 315392K
}
Event: 11.140 GC heap after
{Heap after GC invocations=9 (full 0):
 garbage-first heap   total 262144K, used 55382K [0x00000000e0000000, 0x0000000100000000)
  region size 1024K, 10 young (10240K), 10 survivors (10240K)
 Metaspace       used 44547K, committed 46080K, reserved 380928K
  class space    used 6072K, committed 6848K, reserved 315392K
}
Event: 11.216 GC heap before
{Heap before GC invocations=9 (full 0):
 garbage-first heap   total 262144K, used 57430K [0x00000000e0000000, 0x0000000100000000)
  region size 1024K, 12 young (12288K), 10 survivors (10240K)
 Metaspace       used 44760K, committed 46272K, reserved 380928K
  class space    used 6114K, committed 6912K, reserved 315392K
}
Event: 11.235 GC heap after
{Heap after GC invocations=10 (full 0):
 garbage-first heap   total 262144K, used 55788K [0x00000000e0000000, 0x0000000100000000)
  region size 1024K, 2 young (2048K), 2 survivors (2048K)
 Metaspace       used 44760K, committed 46272K, reserved 380928K
  class space    used 6114K, committed 6912K, reserved 315392K
}
Event: 13.781 GC heap before
{Heap before GC invocations=10 (full 0):
 garbage-first heap   total 262144K, used 169452K [0x00000000e0000000, 0x0000000100000000)
  region size 1024K, 114 young (116736K), 2 survivors (2048K)
 Metaspace       used 57088K, committed 58944K, reserved 380928K
  class space    used 8036K, committed 9024K, reserved 315392K
}
Event: 13.789 GC heap after
{Heap after GC invocations=11 (full 0):
 garbage-first heap   total 262144K, used 61740K [0x00000000e0000000, 0x0000000100000000)
  region size 1024K, 7 young (7168K), 7 survivors (7168K)
 Metaspace       used 57088K, committed 58944K, reserved 380928K
  class space    used 8036K, committed 9024K, reserved 315392K
}
Event: 14.202 GC heap before
{Heap before GC invocations=11 (full 0):
 garbage-first heap   total 262144K, used 88364K [0x00000000e0000000, 0x0000000100000000)
  region size 1024K, 27 young (27648K), 7 survivors (7168K)
 Metaspace       used 59527K, committed 61376K, reserved 380928K
  class space    used 8336K, committed 9344K, reserved 315392K
}
Event: 14.213 GC heap after
{Heap after GC invocations=12 (full 0):
 garbage-first heap   total 262144K, used 69970K [0x00000000e0000000, 0x0000000100000000)
  region size 1024K, 8 young (8192K), 8 survivors (8192K)
 Metaspace       used 59527K, committed 61376K, reserved 380928K
  class space    used 8336K, committed 9344K, reserved 315392K
}
Event: 20.397 GC heap before
{Heap before GC invocations=13 (full 0):
 garbage-first heap   total 262144K, used 190802K [0x00000000e0000000, 0x0000000100000000)
  region size 1024K, 126 young (129024K), 8 survivors (8192K)
 Metaspace       used 66379K, committed 68288K, reserved 380928K
  class space    used 9528K, committed 10560K, reserved 315392K
}
Event: 20.405 GC heap after
{Heap after GC invocations=14 (full 0):
 garbage-first heap   total 262144K, used 64108K [0x00000000e0000000, 0x0000000100000000)
  region size 1024K, 10 young (10240K), 10 survivors (10240K)
 Metaspace       used 66379K, committed 68288K, reserved 380928K
  class space    used 9528K, committed 10560K, reserved 315392K
}
Event: 20.415 GC heap before
{Heap before GC invocations=14 (full 0):
 garbage-first heap   total 262144K, used 66156K [0x00000000e0000000, 0x0000000100000000)
  region size 1024K, 12 young (12288K), 10 survivors (10240K)
 Metaspace       used 66379K, committed 68288K, reserved 380928K
  class space    used 9528K, committed 10560K, reserved 315392K
}
Event: 20.424 GC heap after
{Heap after GC invocations=15 (full 0):
 garbage-first heap   total 262144K, used 63831K [0x00000000e0000000, 0x0000000100000000)
  region size 1024K, 1 young (1024K), 1 survivors (1024K)
 Metaspace       used 66379K, committed 68288K, reserved 380928K
  class space    used 9528K, committed 10560K, reserved 315392K
}
Event: 21.943 GC heap before
{Heap before GC invocations=15 (full 0):
 garbage-first heap   total 262144K, used 197975K [0x00000000e0000000, 0x0000000100000000)
  region size 1024K, 133 young (136192K), 1 survivors (1024K)
 Metaspace       used 73897K, committed 75776K, reserved 380928K
  class space    used 10442K, committed 11456K, reserved 315392K
}
Event: 21.950 GC heap after
{Heap after GC invocations=16 (full 0):
 garbage-first heap   total 262144K, used 64954K [0x00000000e0000000, 0x0000000100000000)
  region size 1024K, 2 young (2048K), 2 survivors (2048K)
 Metaspace       used 73897K, committed 75776K, reserved 380928K
  class space    used 10442K, committed 11456K, reserved 315392K
}
Event: 24.258 GC heap before
{Heap before GC invocations=16 (full 0):
 garbage-first heap   total 262144K, used 220602K [0x00000000e0000000, 0x0000000100000000)
  region size 1024K, 140 young (143360K), 2 survivors (2048K)
 Metaspace       used 86898K, committed 89024K, reserved 446464K
  class space    used 11803K, committed 12928K, reserved 315392K
}
Event: 24.275 GC heap after
{Heap after GC invocations=17 (full 0):
 garbage-first heap   total 262144K, used 90149K [0x00000000e0000000, 0x0000000100000000)
  region size 1024K, 18 young (18432K), 18 survivors (18432K)
 Metaspace       used 86898K, committed 89024K, reserved 446464K
  class space    used 11803K, committed 12928K, reserved 315392K
}
Event: 26.269 GC heap before
{Heap before GC invocations=17 (full 0):
 garbage-first heap   total 262144K, used 202789K [0x00000000e0000000, 0x0000000100000000)
  region size 1024K, 127 young (130048K), 18 survivors (18432K)
 Metaspace       used 97132K, committed 99392K, reserved 446464K
  class space    used 13016K, committed 14208K, reserved 315392K
}
Event: 26.300 GC heap after
{Heap after GC invocations=18 (full 0):
 garbage-first heap   total 262144K, used 97887K [0x00000000e0000000, 0x0000000100000000)
  region size 1024K, 9 young (9216K), 9 survivors (9216K)
 Metaspace       used 97132K, committed 99392K, reserved 446464K
  class space    used 13016K, committed 14208K, reserved 315392K
}
Event: 27.424 GC heap before
{Heap before GC invocations=18 (full 0):
 garbage-first heap   total 262144K, used 155231K [0x00000000e0000000, 0x0000000100000000)
  region size 1024K, 66 young (67584K), 9 survivors (9216K)
 Metaspace       used 100802K, committed 103040K, reserved 446464K
  class space    used 13370K, committed 14592K, reserved 315392K
}
Event: 27.433 GC heap after
{Heap after GC invocations=19 (full 0):
 garbage-first heap   total 262144K, used 101472K [0x00000000e0000000, 0x0000000100000000)
  region size 1024K, 12 young (12288K), 12 survivors (12288K)
 Metaspace       used 100802K, committed 103040K, reserved 446464K
  class space    used 13370K, committed 14592K, reserved 315392K
}

